<?xml version="1.0" encoding="UTF-8"?>
<robot generator="Robot 6.0.2 (Python 3.11.3 on win32)" generated="20230509 21:48:07.136" rpa="false" schemaversion="3">
<suite id="s1" name="Get Single Student" source="c:\Users\Owner\Desktop\Cours\API_ROBOT\test_cases\get_single_student.robot">
<test id="s1-t1" name="TC_01_GET_STUDENT" line="15">
<kw name="Create Session" library="RequestsLibrary">
<arg>session_Cristhian</arg>
<arg>${url}</arg>
<doc>Create Session: create a HTTP session to a server</doc>
<msg timestamp="20230509 21:48:07.610" level="INFO">Creating Session using : alias=session_Cristhian, url=http://thetestingworldapi.com, headers={},                     cookies={}, auth=None, timeout=None, proxies=None, verify=False,                     debug=0 </msg>
<status status="PASS" starttime="20230509 21:48:07.610" endtime="20230509 21:48:07.616"/>
</kw>
<kw name="GET On Session" library="RequestsLibrary">
<var>${reponse}</var>
<arg>session_Cristhian</arg>
<arg>/api/studentsDetails/7478328</arg>
<doc>Sends a GET request on a previously created HTTP Session.</doc>
<msg timestamp="20230509 21:48:09.561" level="INFO">GET Request : url=http://thetestingworldapi.com/api/studentsDetails/7478328 (redirected) 
 path_url=/api/studentsDetails/7478328 
 headers={'User-Agent': 'python-requests/2.28.2', 'Accept-Encoding': 'gzip, deflate', 'Accept': '*/*', 'Connection': 'keep-alive'} 
 body=None 
 </msg>
<msg timestamp="20230509 21:48:09.561" level="INFO">GET Response : url=https://thetestingworldapi.com/api/studentsDetails/7478328 
 status=200, reason=OK 
 headers={'Cache-Control': 'no-cache', 'Pragma': 'no-cache', 'Content-Type': 'application/json; charset=utf-8', 'Expires': '-1', 'Server': 'Microsoft-IIS/10.0', 'X-AspNet-Version': '4.0.30319', 'X-Powered-By': 'ASP.NET', 'X-Powered-By-Plesk': 'PleskWin', 'Date': 'Wed, 10 May 2023 01:48:08 GMT', 'Content-Length': '125'} 
 body={"status":"true","data":{"id":7478328,"first_name":"Younes","middle_name":"Lee","last_name":"Fhamni","date_of_birth":"java"}} 
 </msg>
<msg timestamp="20230509 21:48:09.562" level="INFO">C:\Users\Owner\AppData\Local\Programs\Python\Python311\Lib\site-packages\urllib3\connectionpool.py:1045: InsecureRequestWarning: Unverified HTTPS request is being made to host 'thetestingworldapi.com'. Adding certificate verification is strongly advised. See: https://urllib3.readthedocs.io/en/1.26.x/advanced-usage.html#ssl-warnings
  warnings.warn(</msg>
<msg timestamp="20230509 21:48:09.564" level="INFO">${reponse} = &lt;Response [200]&gt;</msg>
<status status="PASS" starttime="20230509 21:48:07.617" endtime="20230509 21:48:09.564"/>
</kw>
<kw name="Log" library="BuiltIn">
<arg>${reponse}</arg>
<doc>Logs the given message with the given level.</doc>
<msg timestamp="20230509 21:48:09.566" level="INFO">&lt;Response [200]&gt;</msg>
<status status="PASS" starttime="20230509 21:48:09.565" endtime="20230509 21:48:09.566"/>
</kw>
<kw name="Log" library="BuiltIn">
<arg>${reponse.status_code}</arg>
<doc>Logs the given message with the given level.</doc>
<msg timestamp="20230509 21:48:09.569" level="INFO">200</msg>
<status status="PASS" starttime="20230509 21:48:09.567" endtime="20230509 21:48:09.571"/>
</kw>
<kw name="Log" library="BuiltIn">
<arg>${reponse.content}</arg>
<doc>Logs the given message with the given level.</doc>
<msg timestamp="20230509 21:48:09.574" level="INFO">{"status":"true","data":{"id":7478328,"first_name":"Younes","middle_name":"Lee","last_name":"Fhamni","date_of_birth":"java"}}</msg>
<status status="PASS" starttime="20230509 21:48:09.572" endtime="20230509 21:48:09.575"/>
</kw>
<kw name="To Json" library="RequestsLibrary">
<var>${reponse_json}</var>
<arg>${reponse.content}</arg>
<doc>*DEPRECATED* Please use ${resp.json()} instead. Have a look at the improved HTML output as pretty printing replacement.</doc>
<msg timestamp="20230509 21:48:09.576" level="WARN">Keyword 'RequestsLibrary.To Json' is deprecated. Please use ${resp.json()} instead. Have a look at the improved HTML output as pretty printing replacement.</msg>
<msg timestamp="20230509 21:48:09.579" level="INFO">To JSON using : content={"status":"true","data":{"id":7478328,"first_name":"Younes","middle_name":"Lee","last_name":"Fhamni","date_of_birth":"java"}} </msg>
<msg timestamp="20230509 21:48:09.580" level="INFO">To JSON using : pretty_print=False </msg>
<msg timestamp="20230509 21:48:09.580" level="INFO">${reponse_json} = {'status': 'true', 'data': {'id': 7478328, 'first_name': 'Younes', 'middle_name': 'Lee', 'last_name': 'Fhamni', 'date_of_birth': 'java'}}</msg>
<status status="PASS" starttime="20230509 21:48:09.575" endtime="20230509 21:48:09.580"/>
</kw>
<kw name="Get Value From Json" library="JSONLibrary">
<var>@{first_name_list}</var>
<arg>${reponse_json}</arg>
<arg>data.first_name</arg>
<doc>Get Value From JSON using JSONPath</doc>
<msg timestamp="20230509 21:48:09.637" level="INFO">@{first_name_list} = [ Younes ]</msg>
<status status="PASS" starttime="20230509 21:48:09.581" endtime="20230509 21:48:09.638"/>
</kw>
<kw name="Log" library="BuiltIn">
<arg>@{first_name_list}</arg>
<doc>Logs the given message with the given level.</doc>
<msg timestamp="20230509 21:48:09.641" level="INFO">Younes</msg>
<status status="PASS" starttime="20230509 21:48:09.640" endtime="20230509 21:48:09.641"/>
</kw>
<kw name="Get From List" library="Collections">
<var>${valeur_first_name}</var>
<arg>${first_name_list}</arg>
<arg>0</arg>
<doc>Returns the value specified with an ``index`` from ``list``.</doc>
<msg timestamp="20230509 21:48:09.643" level="INFO">${valeur_first_name} = Younes</msg>
<status status="PASS" starttime="20230509 21:48:09.642" endtime="20230509 21:48:09.643"/>
</kw>
<kw name="Log" library="BuiltIn">
<arg>${valeur_first_name}</arg>
<doc>Logs the given message with the given level.</doc>
<msg timestamp="20230509 21:48:09.646" level="INFO">Younes</msg>
<status status="PASS" starttime="20230509 21:48:09.645" endtime="20230509 21:48:09.646"/>
</kw>
<kw name="Should Be Equal As Strings" library="BuiltIn">
<arg>${valeur_first_name}</arg>
<arg>Younes</arg>
<doc>Fails if objects are unequal after converting them to strings.</doc>
<status status="PASS" starttime="20230509 21:48:09.646" endtime="20230509 21:48:09.647"/>
</kw>
<kw name="Should Be Equal As Integers" library="BuiltIn">
<arg>${reponse.status_code}</arg>
<arg>200</arg>
<doc>Fails if objects are unequal after converting them to integers.</doc>
<msg timestamp="20230509 21:48:09.651" level="INFO">Argument types are:
&lt;class 'int'&gt;
&lt;class 'str'&gt;</msg>
<status status="PASS" starttime="20230509 21:48:09.649" endtime="20230509 21:48:09.651"/>
</kw>
<status status="PASS" starttime="20230509 21:48:07.607" endtime="20230509 21:48:09.656"/>
</test>
<status status="PASS" starttime="20230509 21:48:07.151" endtime="20230509 21:48:09.659"/>
</suite>
<statistics>
<total>
<stat pass="1" fail="0" skip="0">All Tests</stat>
</total>
<tag>
</tag>
<suite>
<stat pass="1" fail="0" skip="0" id="s1" name="Get Single Student">Get Single Student</stat>
</suite>
</statistics>
<errors>
<msg timestamp="20230509 21:48:09.576" level="WARN">Keyword 'RequestsLibrary.To Json' is deprecated. Please use ${resp.json()} instead. Have a look at the improved HTML output as pretty printing replacement.</msg>
</errors>
</robot>
